main.cu(55): warning #177-D: variable "print_iter" was declared but never referenced

main.cu(65): warning #550-D: variable "start" was set but never used

main.cu(65): warning #550-D: variable "end" was set but never used

main.cu(74): warning #177-D: variable "division" was declared but never referenced

[c1-16.fox:1911367] pml_ucx.c:178  Error: Failed to receive UCX worker address: Not found (-13)
srun: Job step aborted: Waiting up to 32 seconds for job step to finish.
srun: error: c1-16: task 1: Exited with exit code 16
srun: error: c1-15: task 0: Killed
